<?xml version="1.0" encoding="utf-8"?><testsuites><testsuite name="pytest" errors="0" failures="0" skipped="0" tests="11" time="0.244" timestamp="2025-11-04T18:56:25.276200+11:00" hostname="PerrydeMacBook-Pro.local"><testcase classname="e2e.test_user_workflows.TestUserWorkflowBasic" name="test_first_time_image_generation" time="0.032" /><testcase classname="e2e.test_user_workflows.TestUserWorkflowBasic" name="test_image_modification_workflow" time="0.001" /><testcase classname="e2e.test_user_workflows.TestMultiRoundGeneration" name="test_three_round_generation_chain" time="0.002" /><testcase classname="e2e.test_user_workflows.TestMultiRoundGeneration" name="test_restart_in_middle_of_chain" time="0.001" /><testcase classname="e2e.test_user_workflows.TestBilingualWorkflows" name="test_chinese_user_workflow" time="0.001" /><testcase classname="e2e.test_user_workflows.TestBilingualWorkflows" name="test_mixed_language_workflow" time="0.001" /><testcase classname="e2e.test_user_workflows.TestSizeSpecificationWorkflows" name="test_explicit_size_requests" time="0.002" /><testcase classname="e2e.test_user_workflows.TestComplexScenarios" name="test_long_session_workflow" time="0.002" /><testcase classname="e2e.test_user_workflows.TestComplexScenarios" name="test_ambiguous_prompts_workflow" time="0.001" /><testcase classname="e2e.test_user_workflows.TestErrorRecoveryWorkflows" name="test_recovery_from_empty_prompt" time="0.001" /><testcase classname="e2e.test_user_workflows.TestErrorRecoveryWorkflows" name="test_recovery_from_invalid_characters" time="0.003" /></testsuite></testsuites>